\BOOKMARK [0][]{chapter*.4}{Preface}{}% 1
\BOOKMARK [0][]{chapter.1}{Introduction}{}% 2
\BOOKMARK [0][]{chapter.2}{Foundations}{}% 3
\BOOKMARK [1][]{section.2.1}{Higgs phenomenology recap}{chapter.2}% 4
\BOOKMARK [2][]{subsection.2.1.1}{The Standard Model Higgs}{section.2.1}% 5
\BOOKMARK [2][]{subsection.2.1.2}{Production and decay channels at the LHC}{section.2.1}% 6
\BOOKMARK [2][]{subsection.2.1.3}{How I Learned to Stop Worrying and Love the Higgs}{section.2.1}% 7
\BOOKMARK [1][]{section.2.2}{The effective field theory idea}{chapter.2}% 8
\BOOKMARK [2][]{subsection.2.2.1}{Different physics at different scales}{section.2.2}% 9
\BOOKMARK [2][]{subsection.2.2.2}{Effective operators}{section.2.2}% 10
\BOOKMARK [2][]{subsection.2.2.3}{Matching}{section.2.2}% 11
\BOOKMARK [1][]{section.2.3}{Dimension-six Higgs physics}{chapter.2}% 12
\BOOKMARK [2][]{subsection.2.3.1}{Operators}{section.2.3}% 13
\BOOKMARK [2][]{subsection.2.3.2}{Phenomenology}{section.2.3}% 14
\BOOKMARK [2][]{subsection.2.3.3}{Alternative frameworks}{section.2.3}% 15
\BOOKMARK [0][]{chapter.3}{Higgs effective theory at its limits}{}% 16
\BOOKMARK [1][]{section.3.1}{Introduction}{chapter.3}% 17
\BOOKMARK [1][]{section.3.2}{Matching intricacies}{chapter.3}% 18
\BOOKMARK [2][]{subsection.3.2.1}{Default matching}{section.3.2}% 19
\BOOKMARK [2][]{subsection.3.2.2}{v-improved matching}{section.3.2}% 20
\BOOKMARK [1][]{section.3.3}{Full models vs. effective theory}{chapter.3}% 21
\BOOKMARK [2][]{subsection.3.3.1}{Singlet extension}{section.3.3}% 22
\BOOKMARK [2][]{subsection.3.3.2}{Two-Higgs-doublet model}{section.3.3}% 23
\BOOKMARK [2][]{subsection.3.3.3}{Scalar top partners}{section.3.3}% 24
\BOOKMARK [2][]{subsection.3.3.4}{Vector triplet}{section.3.3}% 25
\BOOKMARK [1][]{section.3.4}{Practical questions}{chapter.3}% 26
\BOOKMARK [2][]{subsection.3.4.1}{To square or not to square}{section.3.4}% 27
\BOOKMARK [2][]{subsection.3.4.2}{Realistic tagging jets}{section.3.4}% 28
\BOOKMARK [2][]{subsection.3.4.3}{Towards a simplified model}{section.3.4}% 29
\BOOKMARK [2][]{subsection.3.4.4}{Which observables to study}{section.3.4}% 30
\BOOKMARK [1][]{section.3.5}{Summary}{chapter.3}% 31
\BOOKMARK [0][]{chapter.4}{Better Higgs measurements through information geometry}{}% 32
\BOOKMARK [1][]{section.4.1}{Introduction}{chapter.4}% 33
\BOOKMARK [1][]{section.4.2}{Information geometry}{chapter.4}% 34
\BOOKMARK [2][]{subsection.4.2.1}{Fisher information and Cram\351r-Rao bound}{section.4.2}% 35
\BOOKMARK [2][]{subsection.4.2.2}{Higgs couplings}{section.4.2}% 36
\BOOKMARK [2][]{subsection.4.2.3}{Full LHC processes}{section.4.2}% 37
\BOOKMARK [2][]{subsection.4.2.4}{Information geometry of effective field theories}{section.4.2}% 38
\BOOKMARK [1][]{section.4.3}{Higgs signatures from CP-even operators}{chapter.4}% 39
\BOOKMARK [2][]{subsection.4.3.1}{Weak-boson-fusion Higgs to taus}{section.4.3}% 40
\BOOKMARK [2][]{subsection.4.3.2}{Weak-boson-fusion Higgs to four leptons}{section.4.3}% 41
\BOOKMARK [2][]{subsection.4.3.3}{Higgs plus single top}{section.4.3}% 42
\BOOKMARK [1][]{section.4.4}{CP violation in the Higgs sector}{chapter.4}% 43
\BOOKMARK [1][]{section.4.5}{Technical questions}{chapter.4}% 44
\BOOKMARK [2][]{subsection.4.5.1}{Systematic uncertainties}{section.4.5}% 45
\BOOKMARK [2][]{subsection.4.5.2}{Comparison with other tools}{section.4.5}% 46
\BOOKMARK [1][]{section.4.6}{Conclusions}{chapter.4}% 47
\BOOKMARK [0][]{chapter.5}{Conclusions}{}% 48
\BOOKMARK [0][]{appendix.A}{Appendices}{}% 49
\BOOKMARK [0][]{chapter*.23}{References}{}% 50
